/Library/Java/JavaVirtualMachines/adoptopenjdk-11.jdk/Contents/Home/bin/java -Dmaven.multiModuleProjectDirectory=/Users/a18903476/projects/Sprint-3 -Dmaven.home=/Applications/IntelliJ IDEA.app/Contents/plugins/maven/lib/maven3 -Dclassworlds.conf=/Applications/IntelliJ IDEA.app/Contents/plugins/maven/lib/maven3/bin/m2.conf -Dmaven.ext.class.path=/Applications/IntelliJ IDEA.app/Contents/plugins/maven/lib/maven-event-listener.jar -javaagent:/Applications/IntelliJ IDEA.app/Contents/lib/idea_rt.jar=49559:/Applications/IntelliJ IDEA.app/Contents/bin -Dfile.encoding=UTF-8 -classpath /Applications/IntelliJ IDEA.app/Contents/plugins/maven/lib/maven3/boot/plexus-classworlds.license:/Applications/IntelliJ IDEA.app/Contents/plugins/maven/lib/maven3/boot/plexus-classworlds-2.6.0.jar org.codehaus.classworlds.Launcher -Didea.version=2021.1.3 clean validate compile test package verify install
[INFO] Scanning for projects...
[INFO] ------------------------------------------------------------------------
[INFO] Reactor Build Order:
[INFO]
[INFO] kotlin-school-sprint-3                                             [pom]
[INFO] qa                                                                 [jar]
[INFO] io                                                                 [jar]
[INFO]
[INFO] -------------------< ru.sber:kotlin-school-sprint-3 >-------------------
[INFO] Building kotlin-school-sprint-3 1.0-SNAPSHOT                       [1/3]
[INFO] --------------------------------[ pom ]---------------------------------
[INFO]
[INFO] --- maven-clean-plugin:2.5:clean (default-clean) @ kotlin-school-sprint-3 ---
[INFO]
[INFO] --- kotlin-maven-plugin:1.5.20:compile (compile) @ kotlin-school-sprint-3 ---
[WARNING] No sources found skipping Kotlin compile
[INFO]
[INFO] --- kotlin-maven-plugin:1.5.20:compile (compile) @ kotlin-school-sprint-3 ---
[WARNING] No sources found skipping Kotlin compile
[INFO]
[INFO] --- kotlin-maven-plugin:1.5.20:test-compile (test-compile) @ kotlin-school-sprint-3 ---
[WARNING] No sources found skipping Kotlin compile
[INFO]
[INFO] --- kotlin-maven-plugin:1.5.20:compile (compile) @ kotlin-school-sprint-3 ---
[WARNING] No sources found skipping Kotlin compile
[INFO]
[INFO] --- kotlin-maven-plugin:1.5.20:test-compile (test-compile) @ kotlin-school-sprint-3 ---
[WARNING] No sources found skipping Kotlin compile
[INFO]
[INFO] --- kotlin-maven-plugin:1.5.20:compile (compile) @ kotlin-school-sprint-3 ---
[WARNING] No sources found skipping Kotlin compile
[INFO]
[INFO] --- kotlin-maven-plugin:1.5.20:test-compile (test-compile) @ kotlin-school-sprint-3 ---
[WARNING] No sources found skipping Kotlin compile
[INFO]
[INFO] --- kotlin-maven-plugin:1.5.20:compile (compile) @ kotlin-school-sprint-3 ---
[WARNING] No sources found skipping Kotlin compile
[INFO]
[INFO] --- kotlin-maven-plugin:1.5.20:test-compile (test-compile) @ kotlin-school-sprint-3 ---
[WARNING] No sources found skipping Kotlin compile
[INFO]
[INFO] --- maven-install-plugin:2.4:install (default-install) @ kotlin-school-sprint-3 ---
[INFO] Installing /Users/a18903476/projects/Sprint-3/pom.xml to /Users/a18903476/.m2/repository/ru/sber/kotlin-school-sprint-3/1.0-SNAPSHOT/kotlin-school-sprint-3-1.0-SNAPSHOT.pom
[INFO]
[INFO] -----------------------------< ru.sber:qa >-----------------------------
[INFO] Building qa 1.0-SNAPSHOT                                           [2/3]
[INFO] --------------------------------[ jar ]---------------------------------
[INFO]
[INFO] --- maven-clean-plugin:2.5:clean (default-clean) @ qa ---
[INFO] Deleting /Users/a18903476/projects/Sprint-3/qa/target
[INFO]
[INFO] --- maven-resources-plugin:2.6:resources (default-resources) @ qa ---
[WARNING] Using platform encoding (UTF-8 actually) to copy filtered resources, i.e. build is platform dependent!
[INFO] skip non existing resourceDirectory /Users/a18903476/projects/Sprint-3/qa/src/main/resources
[INFO]
[INFO] --- maven-compiler-plugin:3.1:compile (default-compile) @ qa ---
[INFO] No sources to compile
[INFO]
[INFO] --- kotlin-maven-plugin:1.5.20:compile (compile) @ qa ---
[WARNING] No sources found skipping Kotlin compile
[INFO]
[INFO] --- maven-resources-plugin:2.6:resources (default-resources) @ qa ---
[WARNING] Using platform encoding (UTF-8 actually) to copy filtered resources, i.e. build is platform dependent!
[INFO] skip non existing resourceDirectory /Users/a18903476/projects/Sprint-3/qa/src/main/resources
[INFO]
[INFO] --- maven-compiler-plugin:3.1:compile (default-compile) @ qa ---
[INFO] No sources to compile
[INFO]
[INFO] --- kotlin-maven-plugin:1.5.20:compile (compile) @ qa ---
[WARNING] No sources found skipping Kotlin compile
[INFO]
[INFO] --- maven-resources-plugin:2.6:testResources (default-testResources) @ qa ---
[WARNING] Using platform encoding (UTF-8 actually) to copy filtered resources, i.e. build is platform dependent!
[INFO] skip non existing resourceDirectory /Users/a18903476/projects/Sprint-3/qa/src/test/resources
[INFO]
[INFO] --- maven-compiler-plugin:3.1:testCompile (default-testCompile) @ qa ---
[INFO] No sources to compile
[INFO]
[INFO] --- kotlin-maven-plugin:1.5.20:test-compile (test-compile) @ qa ---
[WARNING] No sources found skipping Kotlin compile
[INFO]
[INFO] --- maven-surefire-plugin:2.12.4:test (default-test) @ qa ---
[INFO] No tests to run.
[INFO]
[INFO] --- maven-resources-plugin:2.6:resources (default-resources) @ qa ---
[WARNING] Using platform encoding (UTF-8 actually) to copy filtered resources, i.e. build is platform dependent!
[INFO] skip non existing resourceDirectory /Users/a18903476/projects/Sprint-3/qa/src/main/resources
[INFO]
[INFO] --- maven-compiler-plugin:3.1:compile (default-compile) @ qa ---
[INFO] No sources to compile
[INFO]
[INFO] --- kotlin-maven-plugin:1.5.20:compile (compile) @ qa ---
[WARNING] No sources found skipping Kotlin compile
[INFO]
[INFO] --- maven-resources-plugin:2.6:testResources (default-testResources) @ qa ---
[WARNING] Using platform encoding (UTF-8 actually) to copy filtered resources, i.e. build is platform dependent!
[INFO] skip non existing resourceDirectory /Users/a18903476/projects/Sprint-3/qa/src/test/resources
[INFO]
[INFO] --- maven-compiler-plugin:3.1:testCompile (default-testCompile) @ qa ---
[INFO] No sources to compile
[INFO]
[INFO] --- kotlin-maven-plugin:1.5.20:test-compile (test-compile) @ qa ---
[WARNING] No sources found skipping Kotlin compile
[INFO]
[INFO] --- maven-surefire-plugin:2.12.4:test (default-test) @ qa ---
[INFO] No tests to run.
[INFO] Skipping execution of surefire because it has already been run for this configuration
[INFO]
[INFO] --- maven-jar-plugin:2.4:jar (default-jar) @ qa ---
[WARNING] JAR will be empty - no content was marked for inclusion!
[INFO] Building jar: /Users/a18903476/projects/Sprint-3/qa/target/qa-1.0-SNAPSHOT.jar
[INFO]
[INFO] --- maven-resources-plugin:2.6:resources (default-resources) @ qa ---
[WARNING] Using platform encoding (UTF-8 actually) to copy filtered resources, i.e. build is platform dependent!
[INFO] skip non existing resourceDirectory /Users/a18903476/projects/Sprint-3/qa/src/main/resources
[INFO]
[INFO] --- maven-compiler-plugin:3.1:compile (default-compile) @ qa ---
[INFO] No sources to compile
[INFO]
[INFO] --- kotlin-maven-plugin:1.5.20:compile (compile) @ qa ---
[WARNING] No sources found skipping Kotlin compile
[INFO]
[INFO] --- maven-resources-plugin:2.6:testResources (default-testResources) @ qa ---
[WARNING] Using platform encoding (UTF-8 actually) to copy filtered resources, i.e. build is platform dependent!
[INFO] skip non existing resourceDirectory /Users/a18903476/projects/Sprint-3/qa/src/test/resources
[INFO]
[INFO] --- maven-compiler-plugin:3.1:testCompile (default-testCompile) @ qa ---
[INFO] No sources to compile
[INFO]
[INFO] --- kotlin-maven-plugin:1.5.20:test-compile (test-compile) @ qa ---
[WARNING] No sources found skipping Kotlin compile
[INFO]
[INFO] --- maven-surefire-plugin:2.12.4:test (default-test) @ qa ---
[INFO] No tests to run.
[INFO] Skipping execution of surefire because it has already been run for this configuration
[INFO]
[INFO] --- maven-jar-plugin:2.4:jar (default-jar) @ qa ---
[WARNING] JAR will be empty - no content was marked for inclusion!
[INFO]
[INFO] --- maven-resources-plugin:2.6:resources (default-resources) @ qa ---
[WARNING] Using platform encoding (UTF-8 actually) to copy filtered resources, i.e. build is platform dependent!
[INFO] skip non existing resourceDirectory /Users/a18903476/projects/Sprint-3/qa/src/main/resources
[INFO]
[INFO] --- maven-compiler-plugin:3.1:compile (default-compile) @ qa ---
[INFO] No sources to compile
[INFO]
[INFO] --- kotlin-maven-plugin:1.5.20:compile (compile) @ qa ---
[WARNING] No sources found skipping Kotlin compile
[INFO]
[INFO] --- maven-resources-plugin:2.6:testResources (default-testResources) @ qa ---
[WARNING] Using platform encoding (UTF-8 actually) to copy filtered resources, i.e. build is platform dependent!
[INFO] skip non existing resourceDirectory /Users/a18903476/projects/Sprint-3/qa/src/test/resources
[INFO]
[INFO] --- maven-compiler-plugin:3.1:testCompile (default-testCompile) @ qa ---
[INFO] No sources to compile
[INFO]
[INFO] --- kotlin-maven-plugin:1.5.20:test-compile (test-compile) @ qa ---
[WARNING] No sources found skipping Kotlin compile
[INFO]
[INFO] --- maven-surefire-plugin:2.12.4:test (default-test) @ qa ---
[INFO] No tests to run.
[INFO] Skipping execution of surefire because it has already been run for this configuration
[INFO]
[INFO] --- maven-jar-plugin:2.4:jar (default-jar) @ qa ---
[WARNING] JAR will be empty - no content was marked for inclusion!
[INFO]
[INFO] --- maven-install-plugin:2.4:install (default-install) @ qa ---
[INFO] Installing /Users/a18903476/projects/Sprint-3/qa/target/qa-1.0-SNAPSHOT.jar to /Users/a18903476/.m2/repository/ru/sber/qa/1.0-SNAPSHOT/qa-1.0-SNAPSHOT.jar
[INFO] Installing /Users/a18903476/projects/Sprint-3/qa/pom.xml to /Users/a18903476/.m2/repository/ru/sber/qa/1.0-SNAPSHOT/qa-1.0-SNAPSHOT.pom
[INFO]
[INFO] -----------------------------< ru.sber:io >-----------------------------
[INFO] Building io 1.0-SNAPSHOT                                           [3/3]
[INFO] --------------------------------[ jar ]---------------------------------
[INFO]
[INFO] --- maven-clean-plugin:2.5:clean (default-clean) @ io ---
[INFO]
[INFO] --- maven-resources-plugin:2.6:resources (default-resources) @ io ---
[WARNING] Using platform encoding (UTF-8 actually) to copy filtered resources, i.e. build is platform dependent!
[INFO] skip non existing resourceDirectory /Users/a18903476/projects/Sprint-3/io/src/main/resources
[INFO]
[INFO] --- maven-compiler-plugin:3.1:compile (default-compile) @ io ---
[INFO] No sources to compile
[INFO]
[INFO] --- kotlin-maven-plugin:1.5.20:compile (compile) @ io ---
[WARNING] No sources found skipping Kotlin compile
[INFO]
[INFO] --- maven-resources-plugin:2.6:resources (default-resources) @ io ---
[WARNING] Using platform encoding (UTF-8 actually) to copy filtered resources, i.e. build is platform dependent!
[INFO] skip non existing resourceDirectory /Users/a18903476/projects/Sprint-3/io/src/main/resources
[INFO]
[INFO] --- maven-compiler-plugin:3.1:compile (default-compile) @ io ---
[INFO] No sources to compile
[INFO]
[INFO] --- kotlin-maven-plugin:1.5.20:compile (compile) @ io ---
[WARNING] No sources found skipping Kotlin compile
[INFO]
[INFO] --- maven-resources-plugin:2.6:testResources (default-testResources) @ io ---
[WARNING] Using platform encoding (UTF-8 actually) to copy filtered resources, i.e. build is platform dependent!
[INFO] skip non existing resourceDirectory /Users/a18903476/projects/Sprint-3/io/src/test/resources
[INFO]
[INFO] --- maven-compiler-plugin:3.1:testCompile (default-testCompile) @ io ---
[INFO] No sources to compile
[INFO]
[INFO] --- kotlin-maven-plugin:1.5.20:test-compile (test-compile) @ io ---
[WARNING] No sources found skipping Kotlin compile
[INFO]
[INFO] --- maven-surefire-plugin:2.12.4:test (default-test) @ io ---
[INFO] No tests to run.
[INFO]
[INFO] --- maven-resources-plugin:2.6:resources (default-resources) @ io ---
[WARNING] Using platform encoding (UTF-8 actually) to copy filtered resources, i.e. build is platform dependent!
[INFO] skip non existing resourceDirectory /Users/a18903476/projects/Sprint-3/io/src/main/resources
[INFO]
[INFO] --- maven-compiler-plugin:3.1:compile (default-compile) @ io ---
[INFO] No sources to compile
[INFO]
[INFO] --- kotlin-maven-plugin:1.5.20:compile (compile) @ io ---
[WARNING] No sources found skipping Kotlin compile
[INFO]
[INFO] --- maven-resources-plugin:2.6:testResources (default-testResources) @ io ---
[WARNING] Using platform encoding (UTF-8 actually) to copy filtered resources, i.e. build is platform dependent!
[INFO] skip non existing resourceDirectory /Users/a18903476/projects/Sprint-3/io/src/test/resources
[INFO]
[INFO] --- maven-compiler-plugin:3.1:testCompile (default-testCompile) @ io ---
[INFO] No sources to compile
[INFO]
[INFO] --- kotlin-maven-plugin:1.5.20:test-compile (test-compile) @ io ---
[WARNING] No sources found skipping Kotlin compile
[INFO]
[INFO] --- maven-surefire-plugin:2.12.4:test (default-test) @ io ---
[INFO] No tests to run.
[INFO] Skipping execution of surefire because it has already been run for this configuration
[INFO]
[INFO] --- maven-jar-plugin:2.4:jar (default-jar) @ io ---
[WARNING] JAR will be empty - no content was marked for inclusion!
[INFO] Building jar: /Users/a18903476/projects/Sprint-3/io/target/io-1.0-SNAPSHOT.jar
[INFO]
[INFO] --- maven-resources-plugin:2.6:resources (default-resources) @ io ---
[WARNING] Using platform encoding (UTF-8 actually) to copy filtered resources, i.e. build is platform dependent!
[INFO] skip non existing resourceDirectory /Users/a18903476/projects/Sprint-3/io/src/main/resources
[INFO]
[INFO] --- maven-compiler-plugin:3.1:compile (default-compile) @ io ---
[INFO] No sources to compile
[INFO]
[INFO] --- kotlin-maven-plugin:1.5.20:compile (compile) @ io ---
[WARNING] No sources found skipping Kotlin compile
[INFO]
[INFO] --- maven-resources-plugin:2.6:testResources (default-testResources) @ io ---
[WARNING] Using platform encoding (UTF-8 actually) to copy filtered resources, i.e. build is platform dependent!
[INFO] skip non existing resourceDirectory /Users/a18903476/projects/Sprint-3/io/src/test/resources
[INFO]
[INFO] --- maven-compiler-plugin:3.1:testCompile (default-testCompile) @ io ---
[INFO] No sources to compile
[INFO]
[INFO] --- kotlin-maven-plugin:1.5.20:test-compile (test-compile) @ io ---
[WARNING] No sources found skipping Kotlin compile
[INFO]
[INFO] --- maven-surefire-plugin:2.12.4:test (default-test) @ io ---
[INFO] No tests to run.
[INFO] Skipping execution of surefire because it has already been run for this configuration
[INFO]
[INFO] --- maven-jar-plugin:2.4:jar (default-jar) @ io ---
[WARNING] JAR will be empty - no content was marked for inclusion!
[INFO]
[INFO] --- maven-resources-plugin:2.6:resources (default-resources) @ io ---
[WARNING] Using platform encoding (UTF-8 actually) to copy filtered resources, i.e. build is platform dependent!
[INFO] skip non existing resourceDirectory /Users/a18903476/projects/Sprint-3/io/src/main/resources
[INFO]
[INFO] --- maven-compiler-plugin:3.1:compile (default-compile) @ io ---
[INFO] No sources to compile
[INFO]
[INFO] --- kotlin-maven-plugin:1.5.20:compile (compile) @ io ---
[WARNING] No sources found skipping Kotlin compile
[INFO]
[INFO] --- maven-resources-plugin:2.6:testResources (default-testResources) @ io ---
[WARNING] Using platform encoding (UTF-8 actually) to copy filtered resources, i.e. build is platform dependent!
[INFO] skip non existing resourceDirectory /Users/a18903476/projects/Sprint-3/io/src/test/resources
[INFO]
[INFO] --- maven-compiler-plugin:3.1:testCompile (default-testCompile) @ io ---
[INFO] No sources to compile
[INFO]
[INFO] --- kotlin-maven-plugin:1.5.20:test-compile (test-compile) @ io ---
[WARNING] No sources found skipping Kotlin compile
[INFO]
[INFO] --- maven-surefire-plugin:2.12.4:test (default-test) @ io ---
[INFO] No tests to run.
[INFO] Skipping execution of surefire because it has already been run for this configuration
[INFO]
[INFO] --- maven-jar-plugin:2.4:jar (default-jar) @ io ---
[WARNING] JAR will be empty - no content was marked for inclusion!
[INFO]
[INFO] --- maven-install-plugin:2.4:install (default-install) @ io ---
[INFO] Installing /Users/a18903476/projects/Sprint-3/io/target/io-1.0-SNAPSHOT.jar to /Users/a18903476/.m2/repository/ru/sber/io/1.0-SNAPSHOT/io-1.0-SNAPSHOT.jar
[INFO] Installing /Users/a18903476/projects/Sprint-3/io/pom.xml to /Users/a18903476/.m2/repository/ru/sber/io/1.0-SNAPSHOT/io-1.0-SNAPSHOT.pom
[INFO] ------------------------------------------------------------------------
[INFO] Reactor Summary for kotlin-school-sprint-3 1.0-SNAPSHOT:
[INFO]
[INFO] kotlin-school-sprint-3 ............................. SUCCESS [  1.196 s]
[INFO] qa ................................................. SUCCESS [  0.786 s]
[INFO] io ................................................. SUCCESS [  0.159 s]
[INFO] ------------------------------------------------------------------------
[INFO] BUILD SUCCESS
[INFO] ------------------------------------------------------------------------
[INFO] Total time:  2.290 s
[INFO] Finished at: 2021-08-28T18:26:22+03:00
[INFO] ------------------------------------------------------------------------

Process finished with exit code 0